Build target '07-ADC_Test_LCD1_8'
compiling main.c...
../Drivers/STM32H7xx_HAL_Driver/Inc/stm32h7xx_hal_dac.h(35): warning:  #1-D: last line of file ends without a newline
  #endif
../Core/Src/main.c(1539): warning:  #63-D: shift count is too large
    diag_time_base_hi = (uint32_t)(diag_dwt_baseline >> 32);
../Core/Src/main.c(1554): warning:  #550-D: variable "bench_buf" was set but never used
      static uint16_t bench_buf[FFT_LENGTH * ADC_NCH];
../Core/Src/main.c(1718): warning:  #550-D: variable "real_fs" was set but never used
          float real_fs;
../Core/Src/main.c(1639): warning:  #550-D: variable "fft_us" was set but never used
        float fft_us, fft_orig_us, fft_opt_us, frame_us, max_frame_us, speedup;
../Core/Src/main.c(1639): warning:  #550-D: variable "fft_orig_us" was set but never used
        float fft_us, fft_orig_us, fft_opt_us, frame_us, max_frame_us, speedup;
../Core/Src/main.c(1639): warning:  #550-D: variable "fft_opt_us" was set but never used
        float fft_us, fft_orig_us, fft_opt_us, frame_us, max_frame_us, speedup;
../Core/Src/main.c(1639): warning:  #550-D: variable "frame_us" was set but never used
        float fft_us, fft_orig_us, fft_opt_us, frame_us, max_frame_us, speedup;
../Core/Src/main.c(1639): warning:  #550-D: variable "max_frame_us" was set but never used
        float fft_us, fft_orig_us, fft_opt_us, frame_us, max_frame_us, speedup;
../Core/Src/main.c(1639): warning:  #550-D: variable "speedup" was set but never used
        float fft_us, fft_orig_us, fft_opt_us, frame_us, max_frame_us, speedup;
../Core/Src/main.c(1979): warning:  #550-D: variable "trans_frac" was set but never used
        float    trans_frac;
../Core/Src/main.c(1983): warning:  #177-D: variable "group_time_us" was declared but never referenced
        uint64_t group_time_us;
../Core/Src/main.c(1984): warning:  #177-D: variable "group_freq" was declared but never referenced
        float    group_freq;
../Core/Src/main.c(1989): warning:  #177-D: variable "zc_freq" was declared but never referenced
        float    zc_freq;
../Core/Src/main.c(1414): warning:  #177-D: variable "print_count" was declared but never referenced
    uint32_t print_count = 0;
../Core/Src/main.c(1415): warning:  #177-D: variable "case_idx" was declared but never referenced
    uint32_t case_idx = 0;
../Core/Src/main.c(1417): warning:  #177-D: variable "tc" was declared but never referenced
    const test_case_t *tc;
../Core/Src/main.c(1419): warning:  #177-D: variable "i" was declared but never referenced
    uint16_t i;
../Core/Src/main.c(1427): warning:  #177-D: variable "last_print_ms" was declared but never referenced
    uint32_t last_print_ms = 0;
../Core/Src/main.c(1428): warning:  #177-D: variable "last_self_test_ms" was declared but never referenced
    uint32_t last_self_test_ms = 0;
../Core/Src/main.c(1429): warning:  #550-D: variable "last_dac_switch_ms" was set but never used
    uint32_t last_dac_switch_ms = 0;
../Core/Src/main.c(1430): warning:  #177-D: variable "dac_phase" was declared but never referenced
    uint8_t dac_phase = 0;
../Core/Src/main.c(1431): warning:  #177-D: variable "burst_event_sent" was declared but never referenced
    uint8_t burst_event_sent = 0;
../Core/Src/main.c(1432): warning:  #177-D: variable "burst_sent_mask" was declared but never referenced
    uint8_t burst_sent_mask = 0;
../Core/Src/main.c(1433): warning:  #177-D: variable "burst_sent_count" was declared but never referenced
    uint8_t burst_sent_count = 0;
../Core/Src/main.c(1434): warning:  #177-D: variable "burst_candidate_mask" was declared but never referenced
    uint8_t burst_candidate_mask = 0;
../Core/Src/main.c(1435): warning:  #177-D: variable "burst_best_dev" was declared but never referenced
    uint32_t burst_best_dev[ADC_NCH] = {0};
../Core/Src/main.c(1436): warning:  #177-D: variable "burst_best_freq" was declared but never referenced
    uint32_t burst_best_freq[ADC_NCH] = {0};
../Core/Src/main.c(1437): warning:  #177-D: variable "burst_best_time_us" was declared but never referenced
    uint64_t burst_best_time_us[ADC_NCH] = {0};
../Core/Src/main.c(1438): warning:  #177-D: variable "lock_score" was declared but never referenced
    uint32_t lock_score[ADC_NCH] = {0};
../Core/Src/main.c(1439): warning:  #177-D: variable "locked_input_mask" was declared but never referenced
    uint8_t locked_input_mask = 0;
../Core/Src/main.c(1440): warning:  #177-D: variable "lock_burst_cnt" was declared but never referenced
    uint32_t lock_burst_cnt = 0;
../Core/Src/main.c(1441): warning:  #177-D: variable "burst_start_ms" was declared but never referenced
    uint32_t burst_start_ms = 0;
../Core/Src/main.c(1445): warning:  #177-D: variable "uart_st" was declared but never referenced
    HAL_StatusTypeDef uart_st;
../Core/Src/main.c(1446): warning:  #177-D: variable "selected_mask" was declared but never referenced
    uint8_t selected_mask;
../Core/Src/main.c(1447): warning:  #177-D: variable "filtered_mask" was declared but never referenced
    uint8_t filtered_mask;
../Core/Src/main.c(1448): warning:  #177-D: variable "select_count" was declared but never referenced
    uint8_t select_count;
../Core/Src/main.c(1449): warning:  #177-D: variable "best_ch" was declared but never referenced
    uint8_t best_ch;
../Core/Src/main.c(1450): warning:  #177-D: variable "best_dev" was declared but never referenced
    uint32_t best_dev;
../Core/Src/main.c(1451): warning:  #177-D: variable "f_u32" was declared but never referenced
    uint32_t f_u32;
../Core/Src/main.c(1499): warning:  #177-D: variable "DAC_DC_DURATION_MS" was declared but never referenced
    const uint32_t DAC_DC_DURATION_MS    = 30;   /* 30ms 逶ｴ豬∵戟扈ｭ譌ｶ髣ｴ (蝨ｺ譎ｯ A 鮟倩ｮ､; 謾?10 竊?蝨ｺ譎ｯ B) */
../Core/Src/main.c(1500): warning:  #177-D: variable "DAC_BURST_DURATION_MS" was declared but never referenced
    const uint32_t DAC_BURST_DURATION_MS = 5;    /* 5ms 豁｣蠑ｦ遯∝書謖∫ｻｭ譌ｶ髣ｴ (蝗ｺ螳壻ｸ榊序) */
../Core/Src/main.c(1501): warning:  #177-D: variable "EVENT_COOLDOWN_MS" was declared but never referenced
    const uint32_t EVENT_COOLDOWN_MS     = 50;   /* burst 譛蟆城龍髫?50ms (CH340 謗･謾ｶ荳企剞 120 evt/s) */
../Core/Src/main.c(2351): warning:  #1-D: last line of file ends without a newline
  #endif
../Core/Src/main.c(255): warning:  #177-D: function "fmt_time_us" was declared but never referenced
  static inline void fmt_time_us(uint64_t total_us, uint32_t *s, uint32_t *ms, uint32_t *us)
../Core/Src/main.c(394): warning:  #177-D: variable "fft_inst_ptr" was declared but never referenced
  static const arm_cfft_instance_f32 *fft_inst_ptr = &arm_cfft_sR_f32_len1024;
../Core/Src/main.c(425): warning:  #177-D: function "DWT_CycToUs_Simple" was declared but never referenced
  static uint64_t DWT_CycToUs_Simple(uint32_t cyc) {
../Core/Src/main.c(494): warning:  #177-D: function "evt_tx_queue_push" was declared but never referenced
  static uint8_t evt_tx_queue_push(const uint8_t* frame) {
../Core/Src/main.c(529): warning:  #177-D: function "evt_tx_queue_poll" was declared but never referenced
  static void evt_tx_queue_poll(void) {
../Core/Src/main.c(664): warning:  #550-D: variable "tw_cos" was set but never used
  static float tw_cos[FFT_LENGTH / 2]            __attribute__((aligned(32)));
../Core/Src/main.c(665): warning:  #550-D: variable "tw_sin" was set but never used
  static float tw_sin[FFT_LENGTH / 2]            __attribute__((aligned(32)));
../Core/Src/main.c(666): warning:  #550-D: variable "fft_tables_ready" was set but never used
  static uint8_t fft_tables_ready = 0;
../Core/Src/main.c(686): warning:  #550-D: variable "test_cases" was set but never used
  static const test_case_t test_cases[] = {
../Core/Src/main.c(693): warning:  #177-D: variable "full_cycle_count" was declared but never referenced
  static uint32_t full_cycle_count = 0;
../Core/Src/main.c(695): warning:  #177-D: variable "ch_names" was declared but never referenced
  static const char *ch_names[ADC_NCH] = {
../Core/Src/main.c(945): warning:  #177-D: function "Verify_Sustain_in_Frame" was declared but never referenced
  static uint8_t Verify_Sustain_in_Frame(const uint16_t *buf, uint16_t n_samples, uint8_t ch,
../Core/Src/main.c(1091): warning:  #177-D: function "Calc_ZeroCross_Frequency_in_Frame" was declared but never referenced
  static float Calc_ZeroCross_Frequency_in_Frame(const uint16_t *buf, uint16_t n_samples, uint8_t ch,
../Core/Src/main.c(1380): warning:  #177-D: function "FFT_Compare_Verify" was declared but never referenced
  static void FFT_Compare_Verify(const uint16_t *buf, uint16_t n_samples, uint8_t ch, uint16_t start_idx)
../Core/Src/main.c: 58 warnings, 0 errors
linking...
Program Size: Code=33852 RO-data=79744 RW-data=419224 ZI-data=171608  
FromELF: creating hex file...
".\07-ADC_Test_LCD1_8\07-ADC_Test_LCD1_8.axf" - 0 Error(s), 58 Warning(s).
