Build target '07-ADC_Test_LCD1_8'
compiling debug.c...
../Drivers/STM32H7xx_HAL_Driver/Inc/stm32h7xx_hal_dac.h(35): warning:  #1-D: last line of file ends without a newline
  #endif
../Core/Src/debug.c: 1 warning, 0 errors
compiling main.c...
../Drivers/STM32H7xx_HAL_Driver/Inc/stm32h7xx_hal_dac.h(35): warning:  #1-D: last line of file ends without a newline
  #endif
../Core/Src/main.c(615): warning:  #223-D: function "MX_DEBUG_UART_Init" declared implicitly
    MX_DEBUG_UART_Init();
../Core/Src/main.c(673): warning:  #177-D: variable "cyc" was declared but never referenced
          uint32_t cyc;
../Core/Src/main.c(600): warning:  #177-D: variable "EVENT_COOLDOWN_MS" was declared but never referenced
    const uint32_t EVENT_COOLDOWN_MS     = 30;
../Core/Src/main.c(882): warning:  #1-D: last line of file ends without a newline
  #endif
../Core/Src/main.c(224): warning:  #550-D: variable "fft_tables_ready" was set but never used
  static uint8_t fft_tables_ready = 0;
../Core/Src/main.c: 6 warnings, 0 errors
compiling gpio.c...
../Drivers/STM32H7xx_HAL_Driver/Inc/stm32h7xx_hal_dac.h(35): warning:  #1-D: last line of file ends without a newline
  #endif
../Core/Src/gpio.c: 1 warning, 0 errors
compiling adc.c...
../Drivers/STM32H7xx_HAL_Driver/Inc/stm32h7xx_hal_dac.h(35): warning:  #1-D: last line of file ends without a newline
  #endif
../Core/Src/adc.c(395): warning:  #1-D: last line of file ends without a newline
  /* USER CODE END 1 */
../Core/Src/adc.c: 2 warnings, 0 errors
compiling tim.c...
../Drivers/STM32H7xx_HAL_Driver/Inc/stm32h7xx_hal_dac.h(35): warning:  #1-D: last line of file ends without a newline
  #endif
../Core/Src/tim.c: 1 warning, 0 errors
compiling stm32h7xx_it.c...
../Drivers/STM32H7xx_HAL_Driver/Inc/stm32h7xx_hal_dac.h(35): warning:  #1-D: last line of file ends without a newline
  #endif
../Core/Src/stm32h7xx_it.c(77): warning:  #1-D: last line of file ends without a newline
  /* USER CODE END 1 */
../Core/Src/stm32h7xx_it.c: 2 warnings, 0 errors
compiling stm32h7xx_hal_msp.c...
../Drivers/STM32H7xx_HAL_Driver/Inc/stm32h7xx_hal_dac.h(35): warning:  #1-D: last line of file ends without a newline
  #endif
../Core/Src/stm32h7xx_hal_msp.c: 1 warning, 0 errors
compiling dac.c...
../Drivers/STM32H7xx_HAL_Driver/Inc/stm32h7xx_hal_dac.h(35): warning:  #1-D: last line of file ends without a newline
  #endif
../Core/Src/dac.c: 1 warning, 0 errors
compiling usart.c...
../Drivers/STM32H7xx_HAL_Driver/Inc/stm32h7xx_hal_dac.h(35): warning:  #1-D: last line of file ends without a newline
  #endif
../Core/Src/usart.c(177): warning:  #1-D: last line of file ends without a newline
  /* USER CODE END 1 */
../Core/Src/usart.c: 2 warnings, 0 errors
compiling stm32h7xx_hal_adc.c...
../Drivers/STM32H7xx_HAL_Driver/Inc/stm32h7xx_hal_dac.h(35): warning:  #1-D: last line of file ends without a newline
  #endif
../Drivers/STM32H7xx_HAL_Driver/Src/stm32h7xx_hal_adc.c: 1 warning, 0 errors
compiling stm32h7xx_hal_adc_ex.c...
../Drivers/STM32H7xx_HAL_Driver/Inc/stm32h7xx_hal_dac.h(35): warning:  #1-D: last line of file ends without a newline
  #endif
../Drivers/STM32H7xx_HAL_Driver/Src/stm32h7xx_hal_adc_ex.c: 1 warning, 0 errors
compiling stm32h7xx_hal_rcc.c...
../Drivers/STM32H7xx_HAL_Driver/Inc/stm32h7xx_hal_dac.h(35): warning:  #1-D: last line of file ends without a newline
  #endif
../Drivers/STM32H7xx_HAL_Driver/Src/stm32h7xx_hal_rcc.c: 1 warning, 0 errors
compiling stm32h7xx_hal_rcc_ex.c...
../Drivers/STM32H7xx_HAL_Driver/Inc/stm32h7xx_hal_dac.h(35): warning:  #1-D: last line of file ends without a newline
  #endif
../Drivers/STM32H7xx_HAL_Driver/Src/stm32h7xx_hal_rcc_ex.c: 1 warning, 0 errors
compiling stm32h7xx_hal_flash.c...
../Drivers/STM32H7xx_HAL_Driver/Inc/stm32h7xx_hal_dac.h(35): warning:  #1-D: last line of file ends without a newline
  #endif
../Drivers/STM32H7xx_HAL_Driver/Src/stm32h7xx_hal_flash.c: 1 warning, 0 errors
compiling stm32h7xx_hal_flash_ex.c...
../Drivers/STM32H7xx_HAL_Driver/Inc/stm32h7xx_hal_dac.h(35): warning:  #1-D: last line of file ends without a newline
  #endif
../Drivers/STM32H7xx_HAL_Driver/Src/stm32h7xx_hal_flash_ex.c: 1 warning, 0 errors
compiling stm32h7xx_hal_gpio.c...
../Drivers/STM32H7xx_HAL_Driver/Inc/stm32h7xx_hal_dac.h(35): warning:  #1-D: last line of file ends without a newline
  #endif
../Drivers/STM32H7xx_HAL_Driver/Src/stm32h7xx_hal_gpio.c: 1 warning, 0 errors
compiling stm32h7xx_hal_hsem.c...
../Drivers/STM32H7xx_HAL_Driver/Inc/stm32h7xx_hal_dac.h(35): warning:  #1-D: last line of file ends without a newline
  #endif
../Drivers/STM32H7xx_HAL_Driver/Src/stm32h7xx_hal_hsem.c: 1 warning, 0 errors
compiling stm32h7xx_hal_dma.c...
../Drivers/STM32H7xx_HAL_Driver/Inc/stm32h7xx_hal_dac.h(35): warning:  #1-D: last line of file ends without a newline
  #endif
../Drivers/STM32H7xx_HAL_Driver/Src/stm32h7xx_hal_dma.c: 1 warning, 0 errors
compiling stm32h7xx_hal_dma_ex.c...
../Drivers/STM32H7xx_HAL_Driver/Inc/stm32h7xx_hal_dac.h(35): warning:  #1-D: last line of file ends without a newline
  #endif
../Drivers/STM32H7xx_HAL_Driver/Src/stm32h7xx_hal_dma_ex.c: 1 warning, 0 errors
compiling stm32h7xx_hal_mdma.c...
../Drivers/STM32H7xx_HAL_Driver/Inc/stm32h7xx_hal_dac.h(35): warning:  #1-D: last line of file ends without a newline
  #endif
../Drivers/STM32H7xx_HAL_Driver/Src/stm32h7xx_hal_mdma.c: 1 warning, 0 errors
compiling stm32h7xx_hal_pwr.c...
../Drivers/STM32H7xx_HAL_Driver/Inc/stm32h7xx_hal_dac.h(35): warning:  #1-D: last line of file ends without a newline
  #endif
../Drivers/STM32H7xx_HAL_Driver/Src/stm32h7xx_hal_pwr.c: 1 warning, 0 errors
compiling stm32h7xx_hal_pwr_ex.c...
../Drivers/STM32H7xx_HAL_Driver/Inc/stm32h7xx_hal_dac.h(35): warning:  #1-D: last line of file ends without a newline
  #endif
../Drivers/STM32H7xx_HAL_Driver/Src/stm32h7xx_hal_pwr_ex.c: 1 warning, 0 errors
compiling stm32h7xx_hal_cortex.c...
../Drivers/STM32H7xx_HAL_Driver/Inc/stm32h7xx_hal_dac.h(35): warning:  #1-D: last line of file ends without a newline
  #endif
../Drivers/STM32H7xx_HAL_Driver/Src/stm32h7xx_hal_cortex.c: 1 warning, 0 errors
compiling stm32h7xx_hal.c...
../Drivers/STM32H7xx_HAL_Driver/Inc/stm32h7xx_hal_dac.h(35): warning:  #1-D: last line of file ends without a newline
  #endif
../Drivers/STM32H7xx_HAL_Driver/Src/stm32h7xx_hal.c: 1 warning, 0 errors
compiling stm32h7xx_hal_i2c.c...
../Drivers/STM32H7xx_HAL_Driver/Inc/stm32h7xx_hal_dac.h(35): warning:  #1-D: last line of file ends without a newline
  #endif
../Drivers/STM32H7xx_HAL_Driver/Src/stm32h7xx_hal_i2c.c: 1 warning, 0 errors
compiling stm32h7xx_hal_i2c_ex.c...
../Drivers/STM32H7xx_HAL_Driver/Inc/stm32h7xx_hal_dac.h(35): warning:  #1-D: last line of file ends without a newline
  #endif
../Drivers/STM32H7xx_HAL_Driver/Src/stm32h7xx_hal_i2c_ex.c: 1 warning, 0 errors
compiling stm32h7xx_hal_exti.c...
../Drivers/STM32H7xx_HAL_Driver/Inc/stm32h7xx_hal_dac.h(35): warning:  #1-D: last line of file ends without a newline
  #endif
../Drivers/STM32H7xx_HAL_Driver/Src/stm32h7xx_hal_exti.c: 1 warning, 0 errors
compiling stm32h7xx_hal_spi.c...
../Drivers/STM32H7xx_HAL_Driver/Inc/stm32h7xx_hal_dac.h(35): warning:  #1-D: last line of file ends without a newline
  #endif
../Drivers/STM32H7xx_HAL_Driver/Src/stm32h7xx_hal_spi.c: 1 warning, 0 errors
compiling stm32h7xx_hal_spi_ex.c...
../Drivers/STM32H7xx_HAL_Driver/Inc/stm32h7xx_hal_dac.h(35): warning:  #1-D: last line of file ends without a newline
  #endif
../Drivers/STM32H7xx_HAL_Driver/Src/stm32h7xx_hal_spi_ex.c: 1 warning, 0 errors
compiling stm32h7xx_hal_tim.c...
../Drivers/STM32H7xx_HAL_Driver/Inc/stm32h7xx_hal_dac.h(35): warning:  #1-D: last line of file ends without a newline
  #endif
../Drivers/STM32H7xx_HAL_Driver/Src/stm32h7xx_hal_tim.c: 1 warning, 0 errors
compiling stm32h7xx_hal_tim_ex.c...
../Drivers/STM32H7xx_HAL_Driver/Inc/stm32h7xx_hal_dac.h(35): warning:  #1-D: last line of file ends without a newline
  #endif
../Drivers/STM32H7xx_HAL_Driver/Src/stm32h7xx_hal_tim_ex.c: 1 warning, 0 errors
compiling stm32h7xx_hal_uart.c...
../Drivers/STM32H7xx_HAL_Driver/Inc/stm32h7xx_hal_dac.h(35): warning:  #1-D: last line of file ends without a newline
  #endif
../Drivers/STM32H7xx_HAL_Driver/Src/stm32h7xx_hal_uart.c: 1 warning, 0 errors
compiling stm32h7xx_hal_uart_ex.c...
../Drivers/STM32H7xx_HAL_Driver/Inc/stm32h7xx_hal_dac.h(35): warning:  #1-D: last line of file ends without a newline
  #endif
../Drivers/STM32H7xx_HAL_Driver/Src/stm32h7xx_hal_uart_ex.c: 1 warning, 0 errors
compiling system_stm32h7xx.c...
../Drivers/STM32H7xx_HAL_Driver/Inc/stm32h7xx_hal_dac.h(35): warning:  #1-D: last line of file ends without a newline
  #endif
../Core/Src/system_stm32h7xx.c: 1 warning, 0 errors
linking...
.\07-ADC_Test_LCD1_8\07-ADC_Test_LCD1_8.axf: error: L6002U: Could not open file .\07-adc_test_lcd1_8\stm32h7xx_it.o: No such file or directory
Finished: 0 information, 0 warning, 0 error and 1 fatal error messages.
".\07-ADC_Test_LCD1_8\07-ADC_Test_LCD1_8.axf" - 1 Error(s), 42 Warning(s).
Target not created.
