Build target 'ADC_TEST'
compiling main.c...
../Drivers/STM32H7xx_HAL_Driver/Inc/stm32h7xx_hal_dac.h(35): warning:  #1-D: last line of file ends without a newline
  #endif
../Core/Src/main.c(1893): warning:  #177-D: variable "ym" was declared but never referenced
    float ym, y0, yp, denom;
../Core/Src/main.c(1893): warning:  #177-D: variable "y0" was declared but never referenced
    float ym, y0, yp, denom;
../Core/Src/main.c(1893): warning:  #177-D: variable "yp" was declared but never referenced
    float ym, y0, yp, denom;
../Core/Src/main.c(1893): warning:  #177-D: variable "denom" was declared but never referenced
    float ym, y0, yp, denom;
../Core/Src/main.c(2299): warning:  #63-D: shift count is too large
    diag_time_base_hi = (uint32_t)(diag_dwt_baseline >> 32);
../Core/Src/main.c(2314): warning:  #550-D: variable "bench_buf" was set but never used
      static uint16_t bench_buf[FFT_LENGTH * ADC_NCH];
../Core/Src/main.c(2642): warning:  #550-D: variable "real_fs" was set but never used
          float real_fs;
../Core/Src/main.c(2570): warning:  #550-D: variable "fft_us" was set but never used
        float fft_us, frame_us, max_frame_us;
../Core/Src/main.c(2570): warning:  #550-D: variable "frame_us" was set but never used
        float fft_us, frame_us, max_frame_us;
../Core/Src/main.c(2570): warning:  #550-D: variable "max_frame_us" was set but never used
        float fft_us, frame_us, max_frame_us;
../Core/Src/main.c(2920): warning:  #550-D: variable "thr_ch" was set but never used
        uint16_t thr_ch[ADC_NCH];
../Core/Src/main.c(2144): warning:  #177-D: variable "print_count" was declared but never referenced
    uint32_t print_count = 0;
../Core/Src/main.c(2145): warning:  #177-D: variable "case_idx" was declared but never referenced
    uint32_t case_idx = 0;
../Core/Src/main.c(2147): warning:  #177-D: variable "tc" was declared but never referenced
    const test_case_t *tc;
../Core/Src/main.c(2149): warning:  #177-D: variable "i" was declared but never referenced
    uint16_t i;
../Core/Src/main.c(2150): warning:  #177-D: variable "baselines" was declared but never referenced
    int32_t baselines[ADC_NCH];
../Core/Src/main.c(2151): warning:  #177-D: variable "noises" was declared but never referenced
    uint16_t noises[ADC_NCH];
../Core/Src/main.c(2152): warning:  #177-D: variable "trans" was declared but never referenced
    uint16_t trans[ADC_NCH];
../Core/Src/main.c(2153): warning:  #177-D: variable "freq" was declared but never referenced
    float freq[ADC_NCH];
../Core/Src/main.c(2154): warning:  #550-D: variable "last_event_ms" was set but never used
    uint32_t last_event_ms[ADC_NCH] = {0};
../Core/Src/main.c(2160): warning:  #177-D: variable "last_print_ms" was declared but never referenced
    uint32_t last_print_ms = 0;
../Core/Src/main.c(2161): warning:  #177-D: variable "last_self_test_ms" was declared but never referenced
    uint32_t last_self_test_ms = 0;
../Core/Src/main.c(2162): warning:  #550-D: variable "last_dac_switch_ms" was set but never used
    uint32_t last_dac_switch_ms = 0;
../Core/Src/main.c(2163): warning:  #177-D: variable "dac_phase" was declared but never referenced
    uint8_t dac_phase = 0;
../Core/Src/main.c(2164): warning:  #177-D: variable "burst_event_sent" was declared but never referenced
    uint8_t burst_event_sent = 0;
../Core/Src/main.c(2165): warning:  #177-D: variable "burst_sent_mask" was declared but never referenced
    uint8_t burst_sent_mask = 0;
../Core/Src/main.c(2166): warning:  #177-D: variable "burst_sent_count" was declared but never referenced
    uint8_t burst_sent_count = 0;
../Core/Src/main.c(2167): warning:  #177-D: variable "burst_candidate_mask" was declared but never referenced
    uint8_t burst_candidate_mask = 0;
../Core/Src/main.c(2168): warning:  #177-D: variable "burst_best_dev" was declared but never referenced
    uint32_t burst_best_dev[ADC_NCH] = {0};
../Core/Src/main.c(2169): warning:  #177-D: variable "burst_best_freq" was declared but never referenced
    uint32_t burst_best_freq[ADC_NCH] = {0};
../Core/Src/main.c(2170): warning:  #177-D: variable "burst_best_time_us" was declared but never referenced
    uint64_t burst_best_time_us[ADC_NCH] = {0};
../Core/Src/main.c(2171): warning:  #177-D: variable "lock_score" was declared but never referenced
    uint32_t lock_score[ADC_NCH] = {0};
../Core/Src/main.c(2172): warning:  #177-D: variable "locked_input_mask" was declared but never referenced
    uint8_t locked_input_mask = 0;
../Core/Src/main.c(2173): warning:  #177-D: variable "lock_burst_cnt" was declared but never referenced
    uint32_t lock_burst_cnt = 0;
../Core/Src/main.c(2174): warning:  #177-D: variable "burst_start_ms" was declared but never referenced
    uint32_t burst_start_ms = 0;
../Core/Src/main.c(2177): warning:  #177-D: variable "tx_freq" was declared but never referenced
    uint32_t tx_freq;
../Core/Src/main.c(2178): warning:  #177-D: variable "tx_time_us" was declared but never referenced
    uint64_t tx_time_us;
../Core/Src/main.c(2179): warning:  #177-D: variable "uart_st" was declared but never referenced
    HAL_StatusTypeDef uart_st;
../Core/Src/main.c(2180): warning:  #177-D: variable "selected_mask" was declared but never referenced
    uint8_t selected_mask;
../Core/Src/main.c(2181): warning:  #177-D: variable "filtered_mask" was declared but never referenced
    uint8_t filtered_mask;
../Core/Src/main.c(2182): warning:  #177-D: variable "select_count" was declared but never referenced
    uint8_t select_count;
../Core/Src/main.c(2183): warning:  #177-D: variable "best_ch" was declared but never referenced
    uint8_t best_ch;
../Core/Src/main.c(2184): warning:  #177-D: variable "best_dev" was declared but never referenced
    uint32_t best_dev;
../Core/Src/main.c(2185): warning:  #177-D: variable "f_u32" was declared but never referenced
    uint32_t f_u32;
../Core/Src/main.c(2233): warning:  #177-D: variable "DAC_DC_DURATION_MS" was declared but never referenced
    const uint32_t DAC_DC_DURATION_MS    = 30;   /* 30ms ç›´وµپوŒپç»­و—¶é—´ (هœ؛و™¯ A é»کè®¤; و”?10 â†?هœ؛و™¯ B) */
../Core/Src/main.c(2234): warning:  #177-D: variable "DAC_BURST_DURATION_MS" was declared but never referenced
    const uint32_t DAC_BURST_DURATION_MS = 5;    /* 5ms و­£ه¼¦çھپهڈ‘وŒپç»­و—¶é—´ (ه›؛ه®ڑن¸چهڈک) */
../Core/Src/main.c(2235): warning:  #177-D: variable "EVENT_COOLDOWN_MS" was declared but never referenced
    const uint32_t EVENT_COOLDOWN_MS     = 50;   /* burst وœ€ه°ڈé—´éڑ?50ms (CH340 وژ¥و”¶ن¸ٹé™گ 120 evt/s) */
../Core/Src/main.c(3317): warning:  #1-D: last line of file ends without a newline
  #endif
../Core/Src/main.c(269): warning:  #177-D: function "fmt_time_us" was declared but never referenced
  static inline void fmt_time_us(uint64_t total_us, uint32_t *s, uint32_t *ms, uint32_t *us)
../Core/Src/main.c(543): warning:  #177-D: variable "fft_inst_ptr" was declared but never referenced
  static const arm_cfft_instance_f32 *fft_inst_ptr = &arm_cfft_sR_f32_len1024;
../Core/Src/main.c(1089): warning:  #550-D: variable "tw_cos" was set but never used
  static float tw_cos[FFT_LENGTH / 2]            __attribute__((aligned(32)));    /* و—‹è½¬ه› ه­گcosهˆ†é‡ڈ */
../Core/Src/main.c(1090): warning:  #550-D: variable "tw_sin" was set but never used
  static float tw_sin[FFT_LENGTH / 2]            __attribute__((aligned(32)));    /* و—‹è½¬ه› ه­گsinهˆ†é‡ڈ */
../Core/Src/main.c(1091): warning:  #550-D: variable "fft_tables_ready" was set but never used
  static uint8_t fft_tables_ready = 0;    /* FFTè،¨هˆ‌ه§‹هŒ–ه®Œوˆگو ‡ه؟— */
../Core/Src/main.c(1111): warning:  #550-D: variable "test_cases" was set but never used
  static const test_case_t test_cases[] = {
../Core/Src/main.c(1118): warning:  #177-D: variable "full_cycle_count" was declared but never referenced
  static uint32_t full_cycle_count = 0;
../Core/Src/main.c(1136): warning:  #177-D: variable "stress_cases" was declared but never referenced
  static const stress_case_t stress_cases[] = {
../Core/Src/main.c(1152): warning:  #177-D: variable "ch_names" was declared but never referenced
  static const char *ch_names[ADC_NCH] = {
../Core/Src/main.c(1652): warning:  #177-D: function "Refine_Transition_SubSample" was declared but never referenced
  static float Refine_Transition_SubSample(const uint16_t *buf, uint16_t n_samples, uint8_t ch,
../Core/Src/main.c(1782): warning:  #177-D: function "Calc_ZeroCross_Frequency_in_Frame" was declared but never referenced
  static float Calc_ZeroCross_Frequency_in_Frame(const uint16_t *buf, uint16_t n_samples, uint8_t ch,
../Core/Src/main.c(2136): warning:  #177-D: function "Calc_FFT_Frequency_in_Frame" was declared but never referenced
  static float Calc_FFT_Frequency_in_Frame(const uint16_t *buf, uint16_t n_samples, uint8_t ch, uint16_t start_idx)
../Core/Src/main.c: 61 warnings, 0 errors
linking...
Program Size: Code=37312 RO-data=79712 RW-data=160556 ZI-data=347776  
FromELF: creating hex file...
".\ADC_TEST\ADC_TEST.axf" - 0 Error(s), 61 Warning(s).
